# JRE version: Java(TM) SE Runtime Environment (8.0_131-b11) (build 1.8.0_131-b11)
# Java VM: Java HotSpot(TM) 64-Bit Server VM (25.131-b11 mixed mode windows-amd64 compressed oops)
Heap:
 PSYoungGen      total 179712K, used 138136K [0x00000000d5d00000, 0x00000000e4800000, 0x0000000100000000)
  eden space 163328K, 74% used [0x00000000d5d00000,0x00000000dd3ee078,0x00000000dfc80000)
  from space 16384K, 99% used [0x00000000dfc80000,0x00000000e0c78210,0x00000000e0c80000)
  to   space 22016K, 0% used [0x00000000e3280000,0x00000000e3280000,0x00000000e4800000)
 ParOldGen       total 104960K, used 33822K [0x0000000081600000, 0x0000000087c80000, 0x00000000d5d00000)
  object space 104960K, 32% used [0x0000000081600000,0x0000000083707bd0,0x0000000087c80000)
 Metaspace       used 53219K, capacity 54860K, committed 55168K, reserved 1097728K
  class space    used 7090K, capacity 7476K, committed 7552K, reserved 1048576K
GC Heap History (10 events):
Event: 18.424 GC heap before
{Heap before GC invocations=9 (full 2):
 PSYoungGen      total 106496K, used 10739K [0x00000000d5d00000, 0x00000000e0980000, 0x0000000100000000)
  eden space 95744K, 0% used [0x00000000d5d00000,0x00000000d5d00000,0x00000000dba80000)
  from space 10752K, 99% used [0x00000000dba80000,0x00000000dc4fce28,0x00000000dc500000)
  to   space 13312K, 0% used [0x00000000dfc80000,0x00000000dfc80000,0x00000000e0980000)
 ParOldGen       total 68096K, used 13854K [0x0000000081600000, 0x0000000085880000, 0x00000000d5d00000)
  object space 68096K, 20% used [0x0000000081600000,0x0000000082387a90,0x0000000085880000)
 Metaspace       used 34588K, capacity 35170K, committed 35456K, reserved 1079296K
  class space    used 4724K, capacity 4931K, committed 4992K, reserved 1048576K
Event: 18.700 GC heap after
Heap after GC invocations=9 (full 2):
 PSYoungGen      total 106496K, used 0K [0x00000000d5d00000, 0x00000000e0980000, 0x0000000100000000)
  eden space 95744K, 0% used [0x00000000d5d00000,0x00000000d5d00000,0x00000000dba80000)
  from space 10752K, 0% used [0x00000000dba80000,0x00000000dba80000,0x00000000dc500000)
  to   space 13312K, 0% used [0x00000000dfc80000,0x00000000dfc80000,0x00000000e0980000)
 ParOldGen       total 104960K, used 20318K [0x0000000081600000, 0x0000000087c80000, 0x00000000d5d00000)
  object space 104960K, 19% used [0x0000000081600000,0x00000000829d7b50,0x0000000087c80000)
 Metaspace       used 34588K, capacity 35170K, committed 35456K, reserved 1079296K
  class space    used 4724K, capacity 4931K, committed 4992K, reserved 1048576K
}
Event: 22.080 GC heap before
{Heap before GC invocations=10 (full 2):
 PSYoungGen      total 106496K, used 95744K [0x00000000d5d00000, 0x00000000e0980000, 0x0000000100000000)
  eden space 95744K, 100% used [0x00000000d5d00000,0x00000000dba80000,0x00000000dba80000)
  from space 10752K, 0% used [0x00000000dba80000,0x00000000dba80000,0x00000000dc500000)
  to   space 13312K, 0% used [0x00000000dfc80000,0x00000000dfc80000,0x00000000e0980000)
 ParOldGen       total 104960K, used 20318K [0x0000000081600000, 0x0000000087c80000, 0x00000000d5d00000)
  object space 104960K, 19% used [0x0000000081600000,0x00000000829d7b50,0x0000000087c80000)
 Metaspace       used 40761K, capacity 41418K, committed 41984K, reserved 1085440K
  class space    used 5533K, capacity 5768K, committed 5888K, reserved 1048576K
Event: 22.095 GC heap after
Heap after GC invocations=10 (full 2):
 PSYoungGen      total 142848K, used 6824K [0x00000000d5d00000, 0x00000000e0380000, 0x0000000100000000)
  eden space 135680K, 0% used [0x00000000d5d00000,0x00000000d5d00000,0x00000000de180000)
  from space 7168K, 95% used [0x00000000dfc80000,0x00000000e032a1c8,0x00000000e0380000)
  to   space 12800K, 0% used [0x00000000dea80000,0x00000000dea80000,0x00000000df700000)
 ParOldGen       total 104960K, used 20326K [0x0000000081600000, 0x0000000087c80000, 0x00000000d5d00000)
  object space 104960K, 19% used [0x0000000081600000,0x00000000829d9b50,0x0000000087c80000)
 Metaspace       used 40761K, capacity 41418K, committed 41984K, reserved 1085440K
  class space    used 5533K, capacity 5768K, committed 5888K, reserved 1048576K
}
Event: 25.880 GC heap before
{Heap before GC invocations=11 (full 2):
 PSYoungGen      total 142848K, used 142504K [0x00000000d5d00000, 0x00000000e0380000, 0x0000000100000000)
  eden space 135680K, 100% used [0x00000000d5d00000,0x00000000de180000,0x00000000de180000)
  from space 7168K, 95% used [0x00000000dfc80000,0x00000000e032a1c8,0x00000000e0380000)
  to   space 12800K, 0% used [0x00000000dea80000,0x00000000dea80000,0x00000000df700000)
 ParOldGen       total 104960K, used 20326K [0x0000000081600000, 0x0000000087c80000, 0x00000000d5d00000)
  object space 104960K, 19% used [0x0000000081600000,0x00000000829d9b50,0x0000000087c80000)
 Metaspace       used 43157K, capacity 44064K, committed 44288K, reserved 1087488K
  class space    used 5828K, capacity 6088K, committed 6144K, reserved 1048576K
Event: 25.900 GC heap after
Heap after GC invocations=11 (full 2):
 PSYoungGen      total 157696K, used 10885K [0x00000000d5d00000, 0x00000000e1a00000, 0x0000000100000000)
  eden space 144896K, 0% used [0x00000000d5d00000,0x00000000d5d00000,0x00000000dea80000)
  from space 12800K, 85% used [0x00000000dea80000,0x00000000df5217f8,0x00000000df700000)
  to   space 13824K, 0% used [0x00000000e0c80000,0x00000000e0c80000,0x00000000e1a00000)
 ParOldGen       total 104960K, used 20398K [0x0000000081600000, 0x0000000087c80000, 0x00000000d5d00000)
  object space 104960K, 19% used [0x0000000081600000,0x00000000829ebb60,0x0000000087c80000)
 Metaspace       used 43157K, capacity 44064K, committed 44288K, reserved 1087488K
  class space    used 5828K, capacity 6088K, committed 6144K, reserved 1048576K
}
Event: 31.866 GC heap before
{Heap before GC invocations=12 (full 2):
 PSYoungGen      total 157696K, used 155781K [0x00000000d5d00000, 0x00000000e1a00000, 0x0000000100000000)
  eden space 144896K, 100% used [0x00000000d5d00000,0x00000000dea80000,0x00000000dea80000)
  from space 12800K, 85% used [0x00000000dea80000,0x00000000df5217f8,0x00000000df700000)
  to   space 13824K, 0% used [0x00000000e0c80000,0x00000000e0c80000,0x00000000e1a00000)
 ParOldGen       total 104960K, used 20398K [0x0000000081600000, 0x0000000087c80000, 0x00000000d5d00000)
  object space 104960K, 19% used [0x0000000081600000,0x00000000829ebb60,0x0000000087c80000)
 Metaspace       used 48536K, capacity 49802K, committed 49920K, reserved 1091584K
  class space    used 6574K, capacity 6877K, committed 6912K, reserved 1048576K
Event: 31.947 GC heap after
Heap after GC invocations=12 (full 2):
 PSYoungGen      total 177152K, used 13808K [0x00000000d5d00000, 0x00000000e2a00000, 0x0000000100000000)
  eden space 163328K, 0% used [0x00000000d5d00000,0x00000000d5d00000,0x00000000dfc80000)
  from space 13824K, 99% used [0x00000000e0c80000,0x00000000e19fc220,0x00000000e1a00000)
  to   space 16384K, 0% used [0x00000000dfc80000,0x00000000dfc80000,0x00000000e0c80000)
 ParOldGen       total 104960K, used 24389K [0x0000000081600000, 0x0000000087c80000, 0x00000000d5d00000)
  object space 104960K, 23% used [0x0000000081600000,0x0000000082dd1750,0x0000000087c80000)
 Metaspace       used 48536K, capacity 49802K, committed 49920K, reserved 1091584K
  class space    used 6574K, capacity 6877K, committed 6912K, reserved 1048576K
}
Event: 46.982 GC heap before
{Heap before GC invocations=13 (full 2):
 PSYoungGen      total 177152K, used 177136K [0x00000000d5d00000, 0x00000000e2a00000, 0x0000000100000000)
  eden space 163328K, 100% used [0x00000000d5d00000,0x00000000dfc80000,0x00000000dfc80000)
  from space 13824K, 99% used [0x00000000e0c80000,0x00000000e19fc220,0x00000000e1a00000)
  to   space 16384K, 0% used [0x00000000dfc80000,0x00000000dfc80000,0x00000000e0c80000)
 ParOldGen       total 104960K, used 24389K [0x0000000081600000, 0x0000000087c80000, 0x00000000d5d00000)
  object space 104960K, 23% used [0x0000000081600000,0x0000000082dd1750,0x0000000087c80000)
 Metaspace       used 51936K, capacity 53526K, committed 53760K, reserved 1095680K
  class space    used 6952K, capacity 7339K, committed 7424K, reserved 1048576K
Event: 47.077 GC heap after
Heap after GC invocations=13 (full 2):
 PSYoungGen      total 179712K, used 16352K [0x00000000d5d00000, 0x00000000e4800000, 0x0000000100000000)
  eden space 163328K, 0% used [0x00000000d5d00000,0x00000000d5d00000,0x00000000dfc80000)
  from space 16384K, 99% used [0x00000000dfc80000,0x00000000e0c78210,0x00000000e0c80000)
  to   space 22016K, 0% used [0x00000000e3280000,0x00000000e3280000,0x00000000e4800000)
 ParOldGen       total 104960K, used 33822K [0x0000000081600000, 0x0000000087c80000, 0x00000000d5d00000)
  object space 104960K, 32% used [0x0000000081600000,0x0000000083707bd0,0x0000000087c80000)
 Metaspace       used 51936K, capacity 53526K, committed 53760K, reserved 1095680K
  class space    used 6952K, capacity 7339K, committed 7424K, reserved 1048576K
}

