# JRE version: Java(TM) SE Runtime Environment (8.0_131-b11) (build 1.8.0_131-b11)
# Java VM: Java HotSpot(TM) 64-Bit Server VM (25.131-b11 mixed mode windows-amd64 compressed oops)
Heap:
 PSYoungGen      total 151040K, used 6928K [0x00000000d5d00000, 0x00000000e1780000, 0x0000000100000000)
  eden space 128000K, 5% used [0x00000000d5d00000,0x00000000d63c4240,0x00000000dda00000)
  from space 23040K, 0% used [0x00000000dda00000,0x00000000dda00000,0x00000000df080000)
  to   space 25088K, 0% used [0x00000000dff00000,0x00000000dff00000,0x00000000e1780000)
 ParOldGen       total 172544K, used 44228K [0x0000000081600000, 0x000000008be80000, 0x00000000d5d00000)
  object space 172544K, 25% used [0x0000000081600000,0x00000000841311a8,0x000000008be80000)
 Metaspace       used 57628K, capacity 59298K, committed 59608K, reserved 1101824K
  class space    used 7695K, capacity 8139K, committed 8192K, reserved 1048576K
GC Heap History (10 events):
Event: 33.984 GC heap before
{Heap before GC invocations=16 (full 2):
 PSYoungGen      total 108032K, used 108015K [0x00000000d5d00000, 0x00000000de980000, 0x0000000100000000)
  eden space 95744K, 100% used [0x00000000d5d00000,0x00000000dba80000,0x00000000dba80000)
  from space 12288K, 99% used [0x00000000dba80000,0x00000000dc67bf38,0x00000000dc680000)
  to   space 13824K, 0% used [0x00000000ddc00000,0x00000000ddc00000,0x00000000de980000)
 ParOldGen       total 109568K, used 20320K [0x0000000081600000, 0x0000000088100000, 0x00000000d5d00000)
  object space 109568K, 18% used [0x0000000081600000,0x00000000829d81b0,0x0000000088100000)
 Metaspace       used 50166K, capacity 51602K, committed 51712K, reserved 1093632K
  class space    used 6792K, capacity 7115K, committed 7168K, reserved 1048576K
Event: 34.017 GC heap after
Heap after GC invocations=16 (full 2):
 PSYoungGen      total 125440K, used 13792K [0x00000000d5d00000, 0x00000000df100000, 0x0000000100000000)
  eden space 111616K, 0% used [0x00000000d5d00000,0x00000000d5d00000,0x00000000dca00000)
  from space 13824K, 99% used [0x00000000ddc00000,0x00000000de978210,0x00000000de980000)
  to   space 18432K, 0% used [0x00000000dca00000,0x00000000dca00000,0x00000000ddc00000)
 ParOldGen       total 109568K, used 28015K [0x0000000081600000, 0x0000000088100000, 0x00000000d5d00000)
  object space 109568K, 25% used [0x0000000081600000,0x000000008315bcc8,0x0000000088100000)
 Metaspace       used 50166K, capacity 51602K, committed 51712K, reserved 1093632K
  class space    used 6792K, capacity 7115K, committed 7168K, reserved 1048576K
}
Event: 44.425 GC heap before
{Heap before GC invocations=17 (full 2):
 PSYoungGen      total 125440K, used 125408K [0x00000000d5d00000, 0x00000000df100000, 0x0000000100000000)
  eden space 111616K, 100% used [0x00000000d5d00000,0x00000000dca00000,0x00000000dca00000)
  from space 13824K, 99% used [0x00000000ddc00000,0x00000000de978210,0x00000000de980000)
  to   space 18432K, 0% used [0x00000000dca00000,0x00000000dca00000,0x00000000ddc00000)
 ParOldGen       total 109568K, used 28015K [0x0000000081600000, 0x0000000088100000, 0x00000000d5d00000)
  object space 109568K, 25% used [0x0000000081600000,0x000000008315bcc8,0x0000000088100000)
 Metaspace       used 51628K, capacity 53236K, committed 53504K, reserved 1095680K
  class space    used 6933K, capacity 7308K, committed 7424K, reserved 1048576K
Event: 44.465 GC heap after
Heap after GC invocations=17 (full 2):
 PSYoungGen      total 130048K, used 17360K [0x00000000d5d00000, 0x00000000e0480000, 0x0000000100000000)
  eden space 111616K, 0% used [0x00000000d5d00000,0x00000000d5d00000,0x00000000dca00000)
  from space 18432K, 94% used [0x00000000dca00000,0x00000000ddaf40f0,0x00000000ddc00000)
  to   space 20480K, 0% used [0x00000000df080000,0x00000000df080000,0x00000000e0480000)
 ParOldGen       total 109568K, used 28023K [0x0000000081600000, 0x0000000088100000, 0x00000000d5d00000)
  object space 109568K, 25% used [0x0000000081600000,0x000000008315dcc8,0x0000000088100000)
 Metaspace       used 51628K, capacity 53236K, committed 53504K, reserved 1095680K
  class space    used 6933K, capacity 7308K, committed 7424K, reserved 1048576K
}
Event: 54.719 GC heap before
{Heap before GC invocations=18 (full 2):
 PSYoungGen      total 130048K, used 128976K [0x00000000d5d00000, 0x00000000e0480000, 0x0000000100000000)
  eden space 111616K, 100% used [0x00000000d5d00000,0x00000000dca00000,0x00000000dca00000)
  from space 18432K, 94% used [0x00000000dca00000,0x00000000ddaf40f0,0x00000000ddc00000)
  to   space 20480K, 0% used [0x00000000df080000,0x00000000df080000,0x00000000e0480000)
 ParOldGen       total 109568K, used 28023K [0x0000000081600000, 0x0000000088100000, 0x00000000d5d00000)
  object space 109568K, 25% used [0x0000000081600000,0x000000008315dcc8,0x0000000088100000)
 Metaspace       used 52594K, capacity 54236K, committed 54528K, reserved 1095680K
  class space    used 7012K, capacity 7378K, committed 7424K, reserved 1048576K
Event: 54.751 GC heap after
Heap after GC invocations=18 (full 2):
 PSYoungGen      total 148480K, used 19232K [0x00000000d5d00000, 0x00000000e0780000, 0x0000000100000000)
  eden space 128000K, 0% used [0x00000000d5d00000,0x00000000d5d00000,0x00000000dda00000)
  from space 20480K, 93% used [0x00000000df080000,0x00000000e0348250,0x00000000e0480000)
  to   space 23040K, 0% used [0x00000000dda00000,0x00000000dda00000,0x00000000df080000)
 ParOldGen       total 109568K, used 28031K [0x0000000081600000, 0x0000000088100000, 0x00000000d5d00000)
  object space 109568K, 25% used [0x0000000081600000,0x000000008315fcc8,0x0000000088100000)
 Metaspace       used 52594K, capacity 54236K, committed 54528K, reserved 1095680K
  class space    used 7012K, capacity 7378K, committed 7424K, reserved 1048576K
}
Event: 58.784 GC heap before
{Heap before GC invocations=19 (full 2):
 PSYoungGen      total 148480K, used 81133K [0x00000000d5d00000, 0x00000000e0780000, 0x0000000100000000)
  eden space 128000K, 48% used [0x00000000d5d00000,0x00000000d99734a0,0x00000000dda00000)
  from space 20480K, 93% used [0x00000000df080000,0x00000000e0348250,0x00000000e0480000)
  to   space 23040K, 0% used [0x00000000dda00000,0x00000000dda00000,0x00000000df080000)
 ParOldGen       total 109568K, used 28031K [0x0000000081600000, 0x0000000088100000, 0x00000000d5d00000)
  object space 109568K, 25% used [0x0000000081600000,0x000000008315fcc8,0x0000000088100000)
 Metaspace       used 57299K, capacity 58952K, committed 59096K, reserved 1099776K
  class space    used 7683K, capacity 8108K, committed 8192K, reserved 1048576K
Event: 58.819 GC heap after
Heap after GC invocations=19 (full 2):
 PSYoungGen      total 151040K, used 19829K [0x00000000d5d00000, 0x00000000e1780000, 0x0000000100000000)
  eden space 128000K, 0% used [0x00000000d5d00000,0x00000000d5d00000,0x00000000dda00000)
  from space 23040K, 86% used [0x00000000dda00000,0x00000000ded5d5c8,0x00000000df080000)
  to   space 25088K, 0% used [0x00000000dff00000,0x00000000dff00000,0x00000000e1780000)
 ParOldGen       total 109568K, used 28039K [0x0000000081600000, 0x0000000088100000, 0x00000000d5d00000)
  object space 109568K, 25% used [0x0000000081600000,0x0000000083161cc8,0x0000000088100000)
 Metaspace       used 57299K, capacity 58952K, committed 59096K, reserved 1099776K
  class space    used 7683K, capacity 8108K, committed 8192K, reserved 1048576K
}
Event: 58.819 GC heap before
{Heap before GC invocations=20 (full 3):
 PSYoungGen      total 151040K, used 19829K [0x00000000d5d00000, 0x00000000e1780000, 0x0000000100000000)
  eden space 128000K, 0% used [0x00000000d5d00000,0x00000000d5d00000,0x00000000dda00000)
  from space 23040K, 86% used [0x00000000dda00000,0x00000000ded5d5c8,0x00000000df080000)
  to   space 25088K, 0% used [0x00000000dff00000,0x00000000dff00000,0x00000000e1780000)
 ParOldGen       total 109568K, used 28039K [0x0000000081600000, 0x0000000088100000, 0x00000000d5d00000)
  object space 109568K, 25% used [0x0000000081600000,0x0000000083161cc8,0x0000000088100000)
 Metaspace       used 57299K, capacity 58952K, committed 59096K, reserved 1099776K
  class space    used 7683K, capacity 8108K, committed 8192K, reserved 1048576K
Event: 59.415 GC heap after
Heap after GC invocations=20 (full 3):
 PSYoungGen      total 151040K, used 0K [0x00000000d5d00000, 0x00000000e1780000, 0x0000000100000000)
  eden space 128000K, 0% used [0x00000000d5d00000,0x00000000d5d00000,0x00000000dda00000)
  from space 23040K, 0% used [0x00000000dda00000,0x00000000dda00000,0x00000000df080000)
  to   space 25088K, 0% used [0x00000000dff00000,0x00000000dff00000,0x00000000e1780000)
 ParOldGen       total 172544K, used 44228K [0x0000000081600000, 0x000000008be80000, 0x00000000d5d00000)
  object space 172544K, 25% used [0x0000000081600000,0x00000000841311a8,0x000000008be80000)
 Metaspace       used 57297K, capacity 58946K, committed 59096K, reserved 1099776K
  class space    used 7682K, capacity 8107K, committed 8192K, reserved 1048576K
}

